# JRE version: OpenJDK Runtime Environment (24.0.1+9) (build 24.0.1+9-30)
# Java VM: OpenJDK 64-Bit Server VM (24.0.1+9-30, mixed mode, sharing, tiered, compressed oops, compressed class ptrs, g1 gc, windows-amd64)
GC Precious Log:
 CardTable entry size: 512
 Card Set container configuration: InlinePtr #cards 5 size 8 Array Of Cards #cards 10 size 36 Howl #buckets 4 coarsen threshold 1843 Howl Bitmap #cards 512 size 80 coarsen threshold 460 Card regions per heap region 1 cards per card region 2048
 CPUs: 12 total, 12 available
 Memory: 7913M
 Large Page Support: Disabled
 NUMA Support: Disabled
 Compressed Oops: Enabled (32-bit)
 Heap Region Size: 1M
 Heap Min Capacity: 8M
 Heap Initial Capacity: 124M
 Heap Max Capacity: 1980M
 Pre-touch: Disabled
 Parallel Workers: 10
 Concurrent Workers: 3
 Concurrent Refinement Workers: 10
 Periodic GC: Disabled
Heap:
 garbage-first heap   total reserved 2027520K, committed 220160K, used 117862K [0x0000000084400000, 0x0000000100000000)
  region size 1024K, 12 young (12288K), 5 survivors (5120K)
 Metaspace       used 87514K, committed 88128K, reserved 1179648K
  class space    used 9679K, committed 9984K, reserved 1048576K
GC Heap History (20 events):
Event: 10.646 GC heap before
{Heap before GC invocations=21 (full 0):
 garbage-first heap   total reserved 2027520K, committed 86016K, used 73447K [0x0000000084400000, 0x0000000100000000)
  region size 1024K, 18 young (18432K), 4 survivors (4096K)
 Metaspace       used 73339K, committed 73856K, reserved 1179648K
  class space    used 8221K, committed 8448K, reserved 1048576K
}
Event: 10.654 GC heap after
{Heap after GC invocations=22 (full 0):
 garbage-first heap   total reserved 2027520K, committed 86016K, used 64201K [0x0000000084400000, 0x0000000100000000)
  region size 1024K, 3 young (3072K), 3 survivors (3072K)
 Metaspace       used 73339K, committed 73856K, reserved 1179648K
  class space    used 8221K, committed 8448K, reserved 1048576K
}
Event: 10.676 GC heap before
{Heap before GC invocations=22 (full 0):
 garbage-first heap   total reserved 2027520K, committed 86016K, used 75465K [0x0000000084400000, 0x0000000100000000)
  region size 1024K, 14 young (14336K), 3 survivors (3072K)
 Metaspace       used 73339K, committed 73856K, reserved 1179648K
  class space    used 8221K, committed 8448K, reserved 1048576K
}
Event: 10.682 GC heap after
{Heap after GC invocations=23 (full 0):
 garbage-first heap   total reserved 2027520K, committed 86016K, used 68577K [0x0000000084400000, 0x0000000100000000)
  region size 1024K, 2 young (2048K), 2 survivors (2048K)
 Metaspace       used 73339K, committed 73856K, reserved 1179648K
  class space    used 8221K, committed 8448K, reserved 1048576K
}
Event: 10.705 GC heap before
{Heap before GC invocations=23 (full 0):
 garbage-first heap   total reserved 2027520K, committed 86016K, used 77793K [0x0000000084400000, 0x0000000100000000)
  region size 1024K, 11 young (11264K), 2 survivors (2048K)
 Metaspace       used 73340K, committed 73856K, reserved 1179648K
  class space    used 8221K, committed 8448K, reserved 1048576K
}
Event: 10.709 GC heap after
{Heap after GC invocations=24 (full 0):
 garbage-first heap   total reserved 2027520K, committed 86016K, used 72187K [0x0000000084400000, 0x0000000100000000)
  region size 1024K, 2 young (2048K), 2 survivors (2048K)
 Metaspace       used 73340K, committed 73856K, reserved 1179648K
  class space    used 8221K, committed 8448K, reserved 1048576K
}
Event: 10.719 GC heap before
{Heap before GC invocations=24 (full 0):
 garbage-first heap   total reserved 2027520K, committed 86016K, used 78331K [0x0000000084400000, 0x0000000100000000)
  region size 1024K, 8 young (8192K), 2 survivors (2048K)
 Metaspace       used 73340K, committed 73856K, reserved 1179648K
  class space    used 8221K, committed 8448K, reserved 1048576K
}
Event: 10.723 GC heap after
{Heap after GC invocations=25 (full 0):
 garbage-first heap   total reserved 2027520K, committed 208896K, used 75226K [0x0000000084400000, 0x0000000100000000)
  region size 1024K, 1 young (1024K), 1 survivors (1024K)
 Metaspace       used 73340K, committed 73856K, reserved 1179648K
  class space    used 8221K, committed 8448K, reserved 1048576K
}
Event: 10.880 GC heap before
{Heap before GC invocations=26 (full 0):
 garbage-first heap   total reserved 2027520K, committed 208896K, used 158170K [0x0000000084400000, 0x0000000100000000)
  region size 1024K, 83 young (84992K), 1 survivors (1024K)
 Metaspace       used 73342K, committed 73856K, reserved 1179648K
  class space    used 8221K, committed 8448K, reserved 1048576K
}
Event: 10.904 GC heap after
{Heap after GC invocations=27 (full 0):
 garbage-first heap   total reserved 2027520K, committed 208896K, used 108544K [0x0000000084400000, 0x0000000100000000)
  region size 1024K, 11 young (11264K), 11 survivors (11264K)
 Metaspace       used 73342K, committed 73856K, reserved 1179648K
  class space    used 8221K, committed 8448K, reserved 1048576K
}
Event: 10.994 GC heap before
{Heap before GC invocations=27 (full 0):
 garbage-first heap   total reserved 2027520K, committed 208896K, used 164864K [0x0000000084400000, 0x0000000100000000)
  region size 1024K, 64 young (65536K), 11 survivors (11264K)
 Metaspace       used 73342K, committed 73856K, reserved 1179648K
  class space    used 8221K, committed 8448K, reserved 1048576K
}
Event: 11.014 GC heap after
{Heap after GC invocations=28 (full 0):
 garbage-first heap   total reserved 2027520K, committed 208896K, used 133556K [0x0000000084400000, 0x0000000100000000)
  region size 1024K, 8 young (8192K), 8 survivors (8192K)
 Metaspace       used 73342K, committed 73856K, reserved 1179648K
  class space    used 8221K, committed 8448K, reserved 1048576K
}
Event: 11.072 GC heap before
{Heap before GC invocations=28 (full 0):
 garbage-first heap   total reserved 2027520K, committed 208896K, used 173492K [0x0000000084400000, 0x0000000100000000)
  region size 1024K, 47 young (48128K), 8 survivors (8192K)
 Metaspace       used 73383K, committed 73920K, reserved 1179648K
  class space    used 8232K, committed 8448K, reserved 1048576K
}
Event: 11.082 GC heap after
{Heap after GC invocations=29 (full 0):
 garbage-first heap   total reserved 2027520K, committed 208896K, used 142336K [0x0000000084400000, 0x0000000100000000)
  region size 1024K, 6 young (6144K), 6 survivors (6144K)
 Metaspace       used 73383K, committed 73920K, reserved 1179648K
  class space    used 8232K, committed 8448K, reserved 1048576K
}
Event: 11.738 GC heap before
{Heap before GC invocations=30 (full 0):
 garbage-first heap   total reserved 2027520K, committed 220160K, used 168960K [0x0000000084400000, 0x0000000100000000)
  region size 1024K, 42 young (43008K), 6 survivors (6144K)
 Metaspace       used 76301K, committed 76864K, reserved 1179648K
  class space    used 8625K, committed 8832K, reserved 1048576K
}
Event: 11.746 GC heap after
{Heap after GC invocations=31 (full 0):
 garbage-first heap   total reserved 2027520K, committed 220160K, used 135989K [0x0000000084400000, 0x0000000100000000)
  region size 1024K, 3 young (3072K), 3 survivors (3072K)
 Metaspace       used 76301K, committed 76864K, reserved 1179648K
  class space    used 8625K, committed 8832K, reserved 1048576K
}
Event: 75.247 GC heap before
{Heap before GC invocations=31 (full 0):
 garbage-first heap   total reserved 2027520K, committed 220160K, used 185141K [0x0000000084400000, 0x0000000100000000)
  region size 1024K, 52 young (53248K), 3 survivors (3072K)
 Metaspace       used 84360K, committed 84928K, reserved 1179648K
  class space    used 9593K, committed 9856K, reserved 1048576K
}
Event: 75.266 GC heap after
{Heap after GC invocations=32 (full 0):
 garbage-first heap   total reserved 2027520K, committed 220160K, used 117740K [0x0000000084400000, 0x0000000100000000)
  region size 1024K, 7 young (7168K), 7 survivors (7168K)
 Metaspace       used 84360K, committed 84928K, reserved 1179648K
  class space    used 9593K, committed 9856K, reserved 1048576K
}
Event: 1023.687 GC heap before
{Heap before GC invocations=32 (full 0):
 garbage-first heap   total reserved 2027520K, committed 220160K, used 180204K [0x0000000084400000, 0x0000000100000000)
  region size 1024K, 68 young (69632K), 7 survivors (7168K)
 Metaspace       used 87406K, committed 88064K, reserved 1179648K
  class space    used 9679K, committed 9984K, reserved 1048576K
}
Event: 1023.745 GC heap after
{Heap after GC invocations=33 (full 0):
 garbage-first heap   total reserved 2027520K, committed 220160K, used 111718K [0x0000000084400000, 0x0000000100000000)
  region size 1024K, 5 young (5120K), 5 survivors (5120K)
 Metaspace       used 87406K, committed 88064K, reserved 1179648K
  class space    used 9679K, committed 9984K, reserved 1048576K
}

